{
"/Users/jonas/Diglias-BitBucket/sample-node-app/eapi-client/lib/compute-mac.js":{"path":"/Users/jonas/Diglias-BitBucket/sample-node-app/eapi-client/lib/compute-mac.js","s":{"1":1,"2":1,"3":5,"4":5,"5":5,"6":33,"7":27,"8":22,"9":27,"10":27,"11":29,"12":2,"13":29,"14":27,"15":5},"b":{"1":[27,6],"2":[22,5],"3":[2,27]},"f":{"1":5,"2":33,"3":29},"fnMap":{"1":{"name":"(anonymous_1)","line":17,"loc":{"start":{"line":17,"column":17},"end":{"line":17,"column":43}}},"2":{"name":"(anonymous_2)","line":24,"loc":{"start":{"line":24,"column":15},"end":{"line":24,"column":30}}},"3":{"name":"(anonymous_3)","line":35,"loc":{"start":{"line":35,"column":44},"end":{"line":35,"column":59}}}},"statementMap":{"1":{"start":{"line":15,"column":0},"end":{"line":15,"column":33}},"2":{"start":{"line":17,"column":0},"end":{"line":48,"column":2}},"3":{"start":{"line":19,"column":2},"end":{"line":19,"column":40}},"4":{"start":{"line":22,"column":2},"end":{"line":22,"column":19}},"5":{"start":{"line":24,"column":2},"end":{"line":44,"column":5}},"6":{"start":{"line":27,"column":4},"end":{"line":43,"column":5}},"7":{"start":{"line":28,"column":6},"end":{"line":31,"column":7}},"8":{"start":{"line":30,"column":8},"end":{"line":30,"column":38}},"9":{"start":{"line":34,"column":6},"end":{"line":34,"column":21}},"10":{"start":{"line":35,"column":6},"end":{"line":40,"column":9}},"11":{"start":{"line":36,"column":8},"end":{"line":38,"column":9}},"12":{"start":{"line":37,"column":10},"end":{"line":37,"column":36}},"13":{"start":{"line":39,"column":8},"end":{"line":39,"column":34}},"14":{"start":{"line":42,"column":6},"end":{"line":42,"column":62}},"15":{"start":{"line":47,"column":2},"end":{"line":47,"column":66}}},"branchMap":{"1":{"line":27,"type":"if","locations":[{"start":{"line":27,"column":4},"end":{"line":27,"column":4}},{"start":{"line":27,"column":4},"end":{"line":27,"column":4}}]},"2":{"line":28,"type":"if","locations":[{"start":{"line":28,"column":6},"end":{"line":28,"column":6}},{"start":{"line":28,"column":6},"end":{"line":28,"column":6}}]},"3":{"line":36,"type":"if","locations":[{"start":{"line":36,"column":8},"end":{"line":36,"column":8}},{"start":{"line":36,"column":8},"end":{"line":36,"column":8}}]}},"l":{"15":1,"17":1,"19":5,"22":5,"24":5,"27":33,"28":27,"30":22,"34":27,"35":27,"36":29,"37":2,"39":29,"42":27,"47":5}},
"/Users/jonas/Diglias-BitBucket/sample-node-app/eapi-client/lib/index.js":{"path":"/Users/jonas/Diglias-BitBucket/sample-node-app/eapi-client/lib/index.js","s":{"1":1,"2":1,"3":3,"4":3,"5":11,"6":1,"7":2,"8":2,"9":2,"10":2,"11":14,"12":12,"13":14,"14":2,"15":2,"16":1,"17":1,"18":1},"b":{"1":[1,10],"2":[12,2],"3":[1,1]},"f":{"1":3,"2":11,"3":14,"4":1},"fnMap":{"1":{"name":"(anonymous_1)","line":32,"loc":{"start":{"line":32,"column":24},"end":{"line":32,"column":64}}},"2":{"name":"(anonymous_2)","line":42,"loc":{"start":{"line":42,"column":28},"end":{"line":42,"column":45}}},"3":{"name":"(anonymous_3)","line":57,"loc":{"start":{"line":57,"column":17},"end":{"line":57,"column":32}}},"4":{"name":"(anonymous_4)","line":87,"loc":{"start":{"line":87,"column":24},"end":{"line":87,"column":56}}}},"statementMap":{"1":{"start":{"line":14,"column":0},"end":{"line":14,"column":42}},"2":{"start":{"line":16,"column":0},"end":{"line":90,"column":2}},"3":{"start":{"line":34,"column":4},"end":{"line":40,"column":6}},"4":{"start":{"line":42,"column":4},"end":{"line":46,"column":7}},"5":{"start":{"line":43,"column":6},"end":{"line":45,"column":7}},"6":{"start":{"line":44,"column":8},"end":{"line":44,"column":71}},"7":{"start":{"line":49,"column":4},"end":{"line":49,"column":52}},"8":{"start":{"line":53,"column":4},"end":{"line":53,"column":39}},"9":{"start":{"line":55,"column":4},"end":{"line":55,"column":25}},"10":{"start":{"line":57,"column":4},"end":{"line":62,"column":7}},"11":{"start":{"line":58,"column":6},"end":{"line":60,"column":7}},"12":{"start":{"line":59,"column":8},"end":{"line":59,"column":46}},"13":{"start":{"line":61,"column":6},"end":{"line":61,"column":80}},"14":{"start":{"line":64,"column":4},"end":{"line":69,"column":6}},"15":{"start":{"line":74,"column":4},"end":{"line":76,"column":5}},"16":{"start":{"line":75,"column":6},"end":{"line":75,"column":61}},"17":{"start":{"line":79,"column":4},"end":{"line":79,"column":59}},"18":{"start":{"line":88,"column":4},"end":{"line":88,"column":65}}},"branchMap":{"1":{"line":43,"type":"if","locations":[{"start":{"line":43,"column":6},"end":{"line":43,"column":6}},{"start":{"line":43,"column":6},"end":{"line":43,"column":6}}]},"2":{"line":58,"type":"if","locations":[{"start":{"line":58,"column":6},"end":{"line":58,"column":6}},{"start":{"line":58,"column":6},"end":{"line":58,"column":6}}]},"3":{"line":74,"type":"if","locations":[{"start":{"line":74,"column":4},"end":{"line":74,"column":4}},{"start":{"line":74,"column":4},"end":{"line":74,"column":4}}]}},"l":{"14":1,"16":1,"34":3,"42":3,"43":11,"44":1,"49":2,"53":2,"55":2,"57":2,"58":14,"59":12,"61":14,"64":2,"74":2,"75":1,"79":1,"88":1}}}
