{
"/Users/clouduser/Desktop/workspace/sample-node-app/eapi-client/lib/compute-mac.js":{"path":"/Users/clouduser/Desktop/workspace/sample-node-app/eapi-client/lib/compute-mac.js","s":{"1":0,"2":0,"3":0,"4":0,"5":0,"6":0,"7":0,"8":0,"9":0,"10":0},"b":{"1":[0,0],"2":[0,0]},"f":{"1":0,"2":0},"fnMap":{"1":{"name":"(anonymous_1)","line":17,"loc":{"start":{"line":17,"column":17},"end":{"line":17,"column":43}}},"2":{"name":"(anonymous_2)","line":24,"loc":{"start":{"line":24,"column":15},"end":{"line":24,"column":30}}}},"statementMap":{"1":{"start":{"line":15,"column":0},"end":{"line":15,"column":33}},"2":{"start":{"line":17,"column":0},"end":{"line":38,"column":2}},"3":{"start":{"line":19,"column":2},"end":{"line":19,"column":40}},"4":{"start":{"line":22,"column":2},"end":{"line":22,"column":19}},"5":{"start":{"line":24,"column":2},"end":{"line":34,"column":5}},"6":{"start":{"line":27,"column":4},"end":{"line":33,"column":5}},"7":{"start":{"line":28,"column":6},"end":{"line":31,"column":7}},"8":{"start":{"line":30,"column":8},"end":{"line":30,"column":38}},"9":{"start":{"line":32,"column":6},"end":{"line":32,"column":68}},"10":{"start":{"line":37,"column":2},"end":{"line":37,"column":66}}},"branchMap":{"1":{"line":27,"type":"if","locations":[{"start":{"line":27,"column":4},"end":{"line":27,"column":4}},{"start":{"line":27,"column":4},"end":{"line":27,"column":4}}]},"2":{"line":28,"type":"if","locations":[{"start":{"line":28,"column":6},"end":{"line":28,"column":6}},{"start":{"line":28,"column":6},"end":{"line":28,"column":6}}]}},"l":{"15":0,"17":0,"19":0,"22":0,"24":0,"27":0,"28":0,"30":0,"32":0,"37":0}},
"/Users/clouduser/Desktop/workspace/sample-node-app/eapi-client/lib/index.js":{"path":"/Users/clouduser/Desktop/workspace/sample-node-app/eapi-client/lib/index.js","s":{"1":0,"2":0,"3":0,"4":0,"5":0,"6":0,"7":0,"8":0,"9":0,"10":0,"11":0,"12":0,"13":0,"14":0,"15":0,"16":0,"17":0,"18":0},"b":{"1":[0,0],"2":[0,0],"3":[0,0]},"f":{"1":0,"2":0,"3":0,"4":0},"fnMap":{"1":{"name":"(anonymous_1)","line":32,"loc":{"start":{"line":32,"column":24},"end":{"line":32,"column":64}}},"2":{"name":"(anonymous_2)","line":42,"loc":{"start":{"line":42,"column":28},"end":{"line":42,"column":45}}},"3":{"name":"(anonymous_3)","line":57,"loc":{"start":{"line":57,"column":17},"end":{"line":57,"column":32}}},"4":{"name":"(anonymous_4)","line":87,"loc":{"start":{"line":87,"column":24},"end":{"line":87,"column":56}}}},"statementMap":{"1":{"start":{"line":14,"column":0},"end":{"line":14,"column":42}},"2":{"start":{"line":16,"column":0},"end":{"line":96,"column":2}},"3":{"start":{"line":34,"column":4},"end":{"line":40,"column":6}},"4":{"start":{"line":42,"column":4},"end":{"line":46,"column":7}},"5":{"start":{"line":43,"column":6},"end":{"line":45,"column":7}},"6":{"start":{"line":44,"column":8},"end":{"line":44,"column":71}},"7":{"start":{"line":49,"column":4},"end":{"line":49,"column":52}},"8":{"start":{"line":53,"column":4},"end":{"line":53,"column":39}},"9":{"start":{"line":55,"column":4},"end":{"line":55,"column":25}},"10":{"start":{"line":57,"column":4},"end":{"line":62,"column":7}},"11":{"start":{"line":58,"column":6},"end":{"line":60,"column":7}},"12":{"start":{"line":59,"column":8},"end":{"line":59,"column":46}},"13":{"start":{"line":61,"column":6},"end":{"line":61,"column":100}},"14":{"start":{"line":64,"column":4},"end":{"line":69,"column":6}},"15":{"start":{"line":74,"column":4},"end":{"line":76,"column":5}},"16":{"start":{"line":75,"column":6},"end":{"line":75,"column":61}},"17":{"start":{"line":79,"column":4},"end":{"line":79,"column":59}},"18":{"start":{"line":88,"column":4},"end":{"line":88,"column":65}}},"branchMap":{"1":{"line":43,"type":"if","locations":[{"start":{"line":43,"column":6},"end":{"line":43,"column":6}},{"start":{"line":43,"column":6},"end":{"line":43,"column":6}}]},"2":{"line":58,"type":"if","locations":[{"start":{"line":58,"column":6},"end":{"line":58,"column":6}},{"start":{"line":58,"column":6},"end":{"line":58,"column":6}}]},"3":{"line":74,"type":"if","locations":[{"start":{"line":74,"column":4},"end":{"line":74,"column":4}},{"start":{"line":74,"column":4},"end":{"line":74,"column":4}}]}},"l":{"14":0,"16":0,"34":0,"42":0,"43":0,"44":0,"49":0,"53":0,"55":0,"57":0,"58":0,"59":0,"61":0,"64":0,"74":0,"75":0,"79":0,"88":0}}}
