TN:
SF:/Users/jonas/Diglias-BitBucket/sample-node-app/eapi-client/lib/compute-mac.js
FN:17,(anonymous_1)
FN:24,(anonymous_2)
FN:35,(anonymous_3)
FNF:3
FNH:3
FNDA:5,(anonymous_1)
FNDA:33,(anonymous_2)
FNDA:29,(anonymous_3)
DA:15,1
DA:17,1
DA:19,5
DA:22,5
DA:24,5
DA:27,33
DA:28,27
DA:30,22
DA:34,27
DA:35,27
DA:36,29
DA:37,2
DA:39,29
DA:42,27
DA:47,5
LF:15
LH:15
BRDA:27,1,0,27
BRDA:27,1,1,6
BRDA:28,2,0,22
BRDA:28,2,1,5
BRDA:36,3,0,2
BRDA:36,3,1,27
BRF:6
BRH:6
end_of_record
TN:
SF:/Users/jonas/Diglias-BitBucket/sample-node-app/eapi-client/lib/index.js
FN:32,(anonymous_1)
FN:42,(anonymous_2)
FN:57,(anonymous_3)
FN:87,(anonymous_4)
FNF:4
FNH:4
FNDA:3,(anonymous_1)
FNDA:11,(anonymous_2)
FNDA:14,(anonymous_3)
FNDA:1,(anonymous_4)
DA:14,1
DA:16,1
DA:34,3
DA:42,3
DA:43,11
DA:44,1
DA:49,2
DA:53,2
DA:55,2
DA:57,2
DA:58,14
DA:59,12
DA:61,14
DA:64,2
DA:74,2
DA:75,1
DA:79,1
DA:88,1
LF:18
LH:18
BRDA:43,1,0,1
BRDA:43,1,1,10
BRDA:58,2,0,12
BRDA:58,2,1,2
BRDA:74,3,0,1
BRDA:74,3,1,1
BRF:6
BRH:6
end_of_record
